<?xml version="1.0" encoding="UTF-8"?>
<testsuite name="com.caretronics.reunioes.testcontroller.DepartmentControllerTest" time="1.41" tests="6" errors="0" skipped="0" failures="2">
  <properties>
    <property name="java.runtime.name" value="Java(TM) SE Runtime Environment"/>
    <property name="sun.boot.library.path" value="C:\Program Files\Java\jdk1.8.0_152\jre\bin"/>
    <property name="java.vm.version" value="25.152-b16"/>
    <property name="java.vm.vendor" value="Oracle Corporation"/>
    <property name="maven.multiModuleProjectDirectory" value="C:\dev\Workspaces\JAVA_SPRING_BOOT\salareunioes-master\salareunioes-server"/>
    <property name="java.vendor.url" value="http://java.oracle.com/"/>
    <property name="path.separator" value=";"/>
    <property name="guice.disable.misplaced.annotation.check" value="true"/>
    <property name="java.vm.name" value="Java HotSpot(TM) Client VM"/>
    <property name="file.encoding.pkg" value="sun.io"/>
    <property name="user.script" value=""/>
    <property name="user.country" value="BR"/>
    <property name="sun.java.launcher" value="SUN_STANDARD"/>
    <property name="sun.os.patch.level" value="Service Pack 1"/>
    <property name="java.vm.specification.name" value="Java Virtual Machine Specification"/>
    <property name="user.dir" value="C:\dev\Workspaces\JAVA_SPRING_BOOT\salareunioes-master\salareunioes-server"/>
    <property name="java.runtime.version" value="1.8.0_152-b16"/>
    <property name="java.awt.graphicsenv" value="sun.awt.Win32GraphicsEnvironment"/>
    <property name="java.endorsed.dirs" value="C:\Program Files\Java\jdk1.8.0_152\jre\lib\endorsed"/>
    <property name="os.arch" value="x86"/>
    <property name="java.io.tmpdir" value="C:\Users\CARETR~1\AppData\Local\Temp\"/>
    <property name="line.separator" value="&#10;"/>
    <property name="java.vm.specification.vendor" value="Oracle Corporation"/>
    <property name="user.variant" value=""/>
    <property name="os.name" value="Windows 7"/>
    <property name="classworlds.conf" value="C:\dev\Workspaces\.metadata\.plugins\org.eclipse.m2e.launching\launches\m2conf501804428277841215.tmp"/>
    <property name="sun.jnu.encoding" value="Cp1252"/>
    <property name="java.library.path" value="C:\Program Files\Java\jdk1.8.0_152\bin;C:\Windows\Sun\Java\bin;C:\Windows\system32;C:\Windows;C:/Program Files/Java/jdk1.8.0_152/jre/bin/client;C:/Program Files/Java/jdk1.8.0_152/jre/bin;C:/Program Files/Java/jdk1.8.0_152/jre/lib/i386;C:\Windows\system32;C:\Windows;C:\Windows\System32\Wbem;C:\Windows\System32\WindowsPowerShell\v1.0\;C:\Program Files\Java\jdk1.8.0_152\jre;C:\Program Files\Java\jdk1.8.0_152\jre\bin;C:\Program Files\dotnet\;C:\Program Files\Microsoft SQL Server\120\Tools\Binn\;C:\Program Files\Java\jdk1.8.0_152;C:\Program Files\Java\jdk1.8.0_152\jre;C:\Program Files\Java\jdk1.8.0_152\jre\bin\b;C:\dev\nodejs\;C:\Program Files\Brackets\command;C:\Program Files\Git\cmd;;C:\Program Files\Microsoft VS Code\bin;C:\Users\caretronics\AppData\Roaming\npm;C:\dev\IDE\sts-3.9.2.RELEASE;;."/>
    <property name="java.specification.name" value="Java Platform API Specification"/>
    <property name="java.class.version" value="52.0"/>
    <property name="sun.management.compiler" value="HotSpot Client Compiler"/>
    <property name="os.version" value="6.1"/>
    <property name="user.home" value="C:\Users\caretronics"/>
    <property name="user.timezone" value="GMT-03:00"/>
    <property name="java.awt.printerjob" value="sun.awt.windows.WPrinterJob"/>
    <property name="java.specification.version" value="1.8"/>
    <property name="file.encoding" value="Cp1252"/>
    <property name="user.name" value="caretronics"/>
    <property name="java.class.path" value="C:\dev\IDE\sts-3.9.2.RELEASE\plugins\org.eclipse.m2e.maven.runtime_1.8.2.20171007-0216\jars\plexus-classworlds-2.5.2.jar"/>
    <property name="java.vm.specification.version" value="1.8"/>
    <property name="sun.arch.data.model" value="32"/>
    <property name="java.home" value="C:\Program Files\Java\jdk1.8.0_152\jre"/>
    <property name="sun.java.command" value="org.codehaus.plexus.classworlds.launcher.Launcher -B install"/>
    <property name="java.specification.vendor" value="Oracle Corporation"/>
    <property name="user.language" value="pt"/>
    <property name="awt.toolkit" value="sun.awt.windows.WToolkit"/>
    <property name="java.vm.info" value="mixed mode, sharing"/>
    <property name="java.version" value="1.8.0_152"/>
    <property name="java.ext.dirs" value="C:\Program Files\Java\jdk1.8.0_152\jre\lib\ext;C:\Windows\Sun\Java\lib\ext"/>
    <property name="sun.boot.class.path" value="C:\Program Files\Java\jdk1.8.0_152\jre\lib\resources.jar;C:\Program Files\Java\jdk1.8.0_152\jre\lib\rt.jar;C:\Program Files\Java\jdk1.8.0_152\jre\lib\sunrsasign.jar;C:\Program Files\Java\jdk1.8.0_152\jre\lib\jsse.jar;C:\Program Files\Java\jdk1.8.0_152\jre\lib\jce.jar;C:\Program Files\Java\jdk1.8.0_152\jre\lib\charsets.jar;C:\Program Files\Java\jdk1.8.0_152\jre\lib\jfr.jar;C:\Program Files\Java\jdk1.8.0_152\jre\classes"/>
    <property name="java.vendor" value="Oracle Corporation"/>
    <property name="maven.home" value="C:\dev\Workspaces\JAVA_SPRING_BOOT\salareunioes-master\salareunioes-server\EMBEDDED"/>
    <property name="file.separator" value="\"/>
    <property name="java.vendor.url.bug" value="http://bugreport.sun.com/bugreport/"/>
    <property name="sun.cpu.endian" value="little"/>
    <property name="sun.io.unicode.encoding" value="UnicodeLittle"/>
    <property name="sun.desktop" value="windows"/>
    <property name="sun.cpu.isalist" value="pentium_pro+mmx pentium_pro pentium+mmx pentium i486 i386 i86"/>
  </properties>
  <testcase name="test_get_by_id_success" classname="com.caretronics.reunioes.testcontroller.DepartmentControllerTest" time="0.583"/>
  <testcase name="test_update_success" classname="com.caretronics.reunioes.testcontroller.DepartmentControllerTest" time="0.244">
    <failure message="Status expected:&lt;200&gt; but was:&lt;415&gt;" type="java.lang.AssertionError"><![CDATA[java.lang.AssertionError: Status expected:<200> but was:<415>
	at org.springframework.test.util.AssertionErrors.fail(AssertionErrors.java:54)
	at org.springframework.test.util.AssertionErrors.assertEquals(AssertionErrors.java:81)
	at org.springframework.test.web.servlet.result.StatusResultMatchers$10.match(StatusResultMatchers.java:665)
	at org.springframework.test.web.servlet.MockMvc$1.andExpect(MockMvc.java:171)
	at com.caretronics.reunioes.testcontroller.DepartmentControllerTest.test_update_success(DepartmentControllerTest.java:128)
]]></failure>
    <system-out><![CDATA[2018-04-20 12:30:38.157  INFO 4264 --- [           main] ilder$StaticRequestMappingHandlerMapping : Mapped "{[/departamentos],methods=[GET]}" onto public org.springframework.http.ResponseEntity<java.util.List<com.caretronics.reunioes.domain.Departamento>> com.caretronics.reunioes.controller.DepartamentoController.getDepartamentos()
2018-04-20 12:30:38.164  INFO 4264 --- [           main] ilder$StaticRequestMappingHandlerMapping : Mapped "{[/departamentos/{id}],methods=[GET]}" onto public org.springframework.http.ResponseEntity<com.caretronics.reunioes.domain.Departamento> com.caretronics.reunioes.controller.DepartamentoController.buscarDepartamentoPorId(java.lang.Integer)
2018-04-20 12:30:38.167  INFO 4264 --- [           main] ilder$StaticRequestMappingHandlerMapping : Mapped "{[/departamentos/],methods=[POST],consumes=[application/json]}" onto public org.springframework.http.ResponseEntity<com.caretronics.reunioes.domain.Departamento> com.caretronics.reunioes.controller.DepartamentoController.adicionarDepartamento(com.caretronics.reunioes.domain.Departamento)
2018-04-20 12:30:38.170  INFO 4264 --- [           main] ilder$StaticRequestMappingHandlerMapping : Mapped "{[/departamentos/{id}],methods=[PUT]}" onto public org.springframework.http.ResponseEntity<com.caretronics.reunioes.domain.Departamento> com.caretronics.reunioes.controller.DepartamentoController.updateDepartamento(java.lang.Integer,com.caretronics.reunioes.domain.Departamento)
2018-04-20 12:30:38.173  INFO 4264 --- [           main] ilder$StaticRequestMappingHandlerMapping : Mapped "{[/departamentos/{id}],methods=[DELETE]}" onto public org.springframework.http.ResponseEntity<java.lang.Void> com.caretronics.reunioes.controller.DepartamentoController.deleteDepartamento(java.lang.Integer)
2018-04-20 12:30:38.195  INFO 4264 --- [           main] s.w.s.m.m.a.RequestMappingHandlerAdapter : Looking for @ControllerAdvice: org.springframework.test.web.servlet.setup.StubWebApplicationContext@14f8317
2018-04-20 12:30:38.205  INFO 4264 --- [           main] o.s.mock.web.MockServletContext          : Initializing Spring FrameworkServlet ''
2018-04-20 12:30:38.208  INFO 4264 --- [           main] o.s.t.web.servlet.TestDispatcherServlet  : FrameworkServlet '': initialization started
2018-04-20 12:30:38.221  INFO 4264 --- [           main] o.s.t.web.servlet.TestDispatcherServlet  : FrameworkServlet '': initialization completed in 13 ms
2018-04-20 12:30:38.314  WARN 4264 --- [           main] .c.j.MappingJackson2HttpMessageConverter : Failed to evaluate Jackson deserialization for type [[simple type, class com.caretronics.reunioes.domain.Departamento]]: java.lang.IllegalArgumentException: Can not handle managed/back reference 'defaultReference': back reference type (java.util.List) not compatible with managed type (com.caretronics.reunioes.domain.Reuniao)
]]></system-out>
  </testcase>
  <testcase name="test_create_success" classname="com.caretronics.reunioes.testcontroller.DepartmentControllerTest" time="0.169">
    <failure message="Status expected:&lt;201&gt; but was:&lt;405&gt;" type="java.lang.AssertionError"><![CDATA[java.lang.AssertionError: Status expected:<201> but was:<405>
	at org.springframework.test.util.AssertionErrors.fail(AssertionErrors.java:54)
	at org.springframework.test.util.AssertionErrors.assertEquals(AssertionErrors.java:81)
	at org.springframework.test.web.servlet.result.StatusResultMatchers$10.match(StatusResultMatchers.java:665)
	at org.springframework.test.web.servlet.MockMvc$1.andExpect(MockMvc.java:171)
	at com.caretronics.reunioes.testcontroller.DepartmentControllerTest.test_create_success(DepartmentControllerTest.java:113)
]]></failure>
    <system-out><![CDATA[2018-04-20 12:30:38.407  INFO 4264 --- [           main] ilder$StaticRequestMappingHandlerMapping : Mapped "{[/departamentos],methods=[GET]}" onto public org.springframework.http.ResponseEntity<java.util.List<com.caretronics.reunioes.domain.Departamento>> com.caretronics.reunioes.controller.DepartamentoController.getDepartamentos()
2018-04-20 12:30:38.410  INFO 4264 --- [           main] ilder$StaticRequestMappingHandlerMapping : Mapped "{[/departamentos/{id}],methods=[GET]}" onto public org.springframework.http.ResponseEntity<com.caretronics.reunioes.domain.Departamento> com.caretronics.reunioes.controller.DepartamentoController.buscarDepartamentoPorId(java.lang.Integer)
2018-04-20 12:30:38.413  INFO 4264 --- [           main] ilder$StaticRequestMappingHandlerMapping : Mapped "{[/departamentos/],methods=[POST],consumes=[application/json]}" onto public org.springframework.http.ResponseEntity<com.caretronics.reunioes.domain.Departamento> com.caretronics.reunioes.controller.DepartamentoController.adicionarDepartamento(com.caretronics.reunioes.domain.Departamento)
2018-04-20 12:30:38.515  INFO 4264 --- [           main] ilder$StaticRequestMappingHandlerMapping : Mapped "{[/departamentos/{id}],methods=[PUT]}" onto public org.springframework.http.ResponseEntity<com.caretronics.reunioes.domain.Departamento> com.caretronics.reunioes.controller.DepartamentoController.updateDepartamento(java.lang.Integer,com.caretronics.reunioes.domain.Departamento)
2018-04-20 12:30:38.516  INFO 4264 --- [           main] ilder$StaticRequestMappingHandlerMapping : Mapped "{[/departamentos/{id}],methods=[DELETE]}" onto public org.springframework.http.ResponseEntity<java.lang.Void> com.caretronics.reunioes.controller.DepartamentoController.deleteDepartamento(java.lang.Integer)
2018-04-20 12:30:38.547  INFO 4264 --- [           main] s.w.s.m.m.a.RequestMappingHandlerAdapter : Looking for @ControllerAdvice: org.springframework.test.web.servlet.setup.StubWebApplicationContext@4e939a
2018-04-20 12:30:38.554  INFO 4264 --- [           main] o.s.mock.web.MockServletContext          : Initializing Spring FrameworkServlet ''
2018-04-20 12:30:38.554  INFO 4264 --- [           main] o.s.t.web.servlet.TestDispatcherServlet  : FrameworkServlet '': initialization started
2018-04-20 12:30:38.555  INFO 4264 --- [           main] o.s.t.web.servlet.TestDispatcherServlet  : FrameworkServlet '': initialization completed in 0 ms
2018-04-20 12:30:38.561  WARN 4264 --- [           main] o.s.web.servlet.PageNotFound             : Request method 'POST' not supported
]]></system-out>
  </testcase>
  <testcase name="test_get_by_id_fail_404_not_found" classname="com.caretronics.reunioes.testcontroller.DepartmentControllerTest" time="0.16"/>
  <testcase name="test_get_all_success" classname="com.caretronics.reunioes.testcontroller.DepartmentControllerTest" time="0.134"/>
  <testcase name="test_delete_success" classname="com.caretronics.reunioes.testcontroller.DepartmentControllerTest" time="0.12"/>
</testsuite>