<?xml version="1.0" encoding="UTF-8"?>
<testsuite name="com.caretronics.reunioes.testcontroller.DepartmentControllerTest" time="1.41" tests="6" errors="0" skipped="0" failures="2">
  <properties>
[...]
</properties>
  <testcase name="test_get_by_id_success" classname="com.caretronics.reunioes.testcontroller.DepartmentControllerTest" time="0.583"/>
  <testcase name="test_update_success" classname="com.caretronics.reunioes.testcontroller.DepartmentControllerTest" time="0.244">
    <failure message="Status expected:&lt;200&gt; but was:&lt;415&gt;" type="java.lang.AssertionError"><![CDATA[java.lang.AssertionError: Status expected:<200> but was:<415>
	at org.springframework.test.util.AssertionErrors.fail(AssertionErrors.java:54)
	at org.springframework.test.util.AssertionErrors.assertEquals(AssertionErrors.java:81)
	at org.springframework.test.web.servlet.result.StatusResultMatchers$10.match(StatusResultMatchers.java:665)
	at org.springframework.test.web.servlet.MockMvc$1.andExpect(MockMvc.java:171)
	at com.caretronics.reunioes.testcontroller.DepartmentControllerTest.test_update_success(DepartmentControllerTest.java:128)
]]></failure>
    <system-out><![CDATA[2018-04-20 12:30:38.157  INFO 4264 --- [           main] ilder$StaticRequestMappingHandlerMapping : Mapped "{[/departamentos],methods=[GET]}" onto public org.springframework.http.ResponseEntity<java.util.List<com.caretronics.reunioes.domain.Departamento>> com.caretronics.reunioes.controller.DepartamentoController.getDepartamentos()
2018-04-20 12:30:38.164  INFO 4264 --- [           main] ilder$StaticRequestMappingHandlerMapping : Mapped "{[/departamentos/{id}],methods=[GET]}" onto public org.springframework.http.ResponseEntity<com.caretronics.reunioes.domain.Departamento> com.caretronics.reunioes.controller.DepartamentoController.buscarDepartamentoPorId(java.lang.Integer)
2018-04-20 12:30:38.167  INFO 4264 --- [           main] ilder$StaticRequestMappingHandlerMapping : Mapped "{[/departamentos/],methods=[POST],consumes=[application/json]}" onto public org.springframework.http.ResponseEntity<com.caretronics.reunioes.domain.Departamento> com.caretronics.reunioes.controller.DepartamentoController.adicionarDepartamento(com.caretronics.reunioes.domain.Departamento)
2018-04-20 12:30:38.170  INFO 4264 --- [           main] ilder$StaticRequestMappingHandlerMapping : Mapped "{[/departamentos/{id}],methods=[PUT]}" onto public org.springframework.http.ResponseEntity<com.caretronics.reunioes.domain.Departamento> com.caretronics.reunioes.controller.DepartamentoController.updateDepartamento(java.lang.Integer,com.caretronics.reunioes.domain.Departamento)
2018-04-20 12:30:38.173  INFO 4264 --- [           main] ilder$StaticRequestMappingHandlerMapping : Mapped "{[/departamentos/{id}],methods=[DELETE]}" onto public org.springframework.http.ResponseEntity<java.lang.Void> com.caretronics.reunioes.controller.DepartamentoController.deleteDepartamento(java.lang.Integer)
2018-04-20 12:30:38.195  INFO 4264 --- [           main] s.w.s.m.m.a.RequestMappingHandlerAdapter : Looking for @ControllerAdvice: org.springframework.test.web.servlet.setup.StubWebApplicationContext@14f8317
2018-04-20 12:30:38.205  INFO 4264 --- [           main] o.s.mock.web.MockServletContext          : Initializing Spring FrameworkServlet ''
2018-04-20 12:30:38.208  INFO 4264 --- [           main] o.s.t.web.servlet.TestDispatcherServlet  : FrameworkServlet '': initialization started
2018-04-20 12:30:38.221  INFO 4264 --- [           main] o.s.t.web.servlet.TestDispatcherServlet  : FrameworkServlet '': initialization completed in 13 ms
2018-04-20 12:30:38.314  WARN 4264 --- [           main] .c.j.MappingJackson2HttpMessageConverter : Failed to evaluate Jackson deserialization for type [[simple type, class com.caretronics.reunioes.domain.Departamento]]: java.lang.IllegalArgumentException: Can not handle managed/back reference 'defaultReference': back reference type (java.util.List) not compatible with managed type (com.caretronics.reunioes.domain.Reuniao)
]]></system-out>
  </testcase>
  <testcase name="test_create_success" classname="com.caretronics.reunioes.testcontroller.DepartmentControllerTest" time="0.169">
    <failure message="Status expected:&lt;201&gt; but was:&lt;405&gt;" type="java.lang.AssertionError"><![CDATA[java.lang.AssertionError: Status expected:<201> but was:<405>
	at org.springframework.test.util.AssertionErrors.fail(AssertionErrors.java:54)
	at org.springframework.test.util.AssertionErrors.assertEquals(AssertionErrors.java:81)
	at org.springframework.test.web.servlet.result.StatusResultMatchers$10.match(StatusResultMatchers.java:665)
	at org.springframework.test.web.servlet.MockMvc$1.andExpect(MockMvc.java:171)
	at com.caretronics.reunioes.testcontroller.DepartmentControllerTest.test_create_success(DepartmentControllerTest.java:113)
]]></failure>
    <system-out><![CDATA[2018-04-20 12:30:38.407  INFO 4264 --- [           main] ilder$StaticRequestMappingHandlerMapping : Mapped "{[/departamentos],methods=[GET]}" onto public org.springframework.http.ResponseEntity<java.util.List<com.caretronics.reunioes.domain.Departamento>> com.caretronics.reunioes.controller.DepartamentoController.getDepartamentos()
2018-04-20 12:30:38.410  INFO 4264 --- [           main] ilder$StaticRequestMappingHandlerMapping : Mapped "{[/departamentos/{id}],methods=[GET]}" onto public org.springframework.http.ResponseEntity<com.caretronics.reunioes.domain.Departamento> com.caretronics.reunioes.controller.DepartamentoController.buscarDepartamentoPorId(java.lang.Integer)
2018-04-20 12:30:38.413  INFO 4264 --- [           main] ilder$StaticRequestMappingHandlerMapping : Mapped "{[/departamentos/],methods=[POST],consumes=[application/json]}" onto public org.springframework.http.ResponseEntity<com.caretronics.reunioes.domain.Departamento> com.caretronics.reunioes.controller.DepartamentoController.adicionarDepartamento(com.caretronics.reunioes.domain.Departamento)
2018-04-20 12:30:38.515  INFO 4264 --- [           main] ilder$StaticRequestMappingHandlerMapping : Mapped "{[/departamentos/{id}],methods=[PUT]}" onto public org.springframework.http.ResponseEntity<com.caretronics.reunioes.domain.Departamento> com.caretronics.reunioes.controller.DepartamentoController.updateDepartamento(java.lang.Integer,com.caretronics.reunioes.domain.Departamento)
2018-04-20 12:30:38.516  INFO 4264 --- [           main] ilder$StaticRequestMappingHandlerMapping : Mapped "{[/departamentos/{id}],methods=[DELETE]}" onto public org.springframework.http.ResponseEntity<java.lang.Void> com.caretronics.reunioes.controller.DepartamentoController.deleteDepartamento(java.lang.Integer)
2018-04-20 12:30:38.547  INFO 4264 --- [           main] s.w.s.m.m.a.RequestMappingHandlerAdapter : Looking for @ControllerAdvice: org.springframework.test.web.servlet.setup.StubWebApplicationContext@4e939a
2018-04-20 12:30:38.554  INFO 4264 --- [           main] o.s.mock.web.MockServletContext          : Initializing Spring FrameworkServlet ''
2018-04-20 12:30:38.554  INFO 4264 --- [           main] o.s.t.web.servlet.TestDispatcherServlet  : FrameworkServlet '': initialization started
2018-04-20 12:30:38.555  INFO 4264 --- [           main] o.s.t.web.servlet.TestDispatcherServlet  : FrameworkServlet '': initialization completed in 0 ms
2018-04-20 12:30:38.561  WARN 4264 --- [           main] o.s.web.servlet.PageNotFound             : Request method 'POST' not supported
]]></system-out>
  </testcase>
  <testcase name="test_get_by_id_fail_404_not_found" classname="com.caretronics.reunioes.testcontroller.DepartmentControllerTest" time="0.16"/>
  <testcase name="test_get_all_success" classname="com.caretronics.reunioes.testcontroller.DepartmentControllerTest" time="0.134"/>
  <testcase name="test_delete_success" classname="com.caretronics.reunioes.testcontroller.DepartmentControllerTest" time="0.12"/>
</testsuite>